<?xml version="1.0" encoding="UTF-8"?>
<!-- Generated by org.testng.reporters.JUnitXMLReporter -->
<testsuite hostname="User-PC" name="Default test" tests="2" failures="0" timestamp="8 Mar 2016 11:48:59 GMT" time="0.063" errors="0">
  <testcase name="TestInvalidsearch" time="0.032" classname="scenario_Component.Scenario_Booksearch">
    <skipped/>
  </testcase> <!-- TestInvalidsearch -->
  <testcase name="Testvalidsearch" time="0.0" classname="scenario_Component.Scenario_Booksearch">
    <skipped/>
  </testcase> <!-- Testvalidsearch -->
</testsuite> <!-- Default test -->
